<?xml version="1.0" encoding="UTF-8"?>
<!-- Generated by org.testng.reporters.JUnitReportReporter -->
<testsuite hostname="LAPTOP-R43KBU4M" failures="0" tests="1" name="testscripts.men.SimpleTest" time="0.009" errors="0" timestamp="2025-03-19T13:22:38 IST" skipped="0">
  <testcase classname="testscripts.men.SimpleTest" name="setup2" time="0.009"/>
</testsuite> <!-- testscripts.men.SimpleTest -->
