<?xml version="1.0" encoding="UTF-8"?>
<!-- Generated by org.testng.reporters.JUnitReportReporter -->
<testsuite hostname="LAPTOP-R43KBU4M" failures="0" tests="1" name="testscripts.men.MenTest" time="5.385" errors="0" timestamp="2025-03-13T14:01:51 IST" skipped="0">
  <testcase classname="testscripts.men.MenTest" name="clickOnMenLink" time="5.385"/>
</testsuite> <!-- testscripts.men.MenTest -->
