<?xml version="1.0" encoding="UTF-8"?>
<!-- Generated by org.testng.reporters.JUnitReportReporter -->
<testsuite hostname="LAPTOP-R43KBU4M" failures="0" tests="1" name="TestFinal1.BackPackAddToCart" time="6.424" errors="0" timestamp="2025-03-15T13:49:54 IST" skipped="0">
  <testcase classname="TestFinal1.BackPackAddToCart" name="BagPackAddToCart" time="6.424"/>
</testsuite> <!-- TestFinal1.BackPackAddToCart -->
