<?xml version="1.0" encoding="UTF-8"?>
<!-- Generated by org.testng.reporters.JUnitReportReporter -->
<testsuite hostname="LAPTOP-R43KBU4M" failures="0" tests="1" name="TestFinal1.TestFinal1" time="7.973" errors="0" timestamp="2025-03-13T18:29:35 IST" skipped="0">
  <testcase classname="TestFinal1.TestFinal1" name="testCase" time="7.973"/>
</testsuite> <!-- TestFinal1.TestFinal1 -->
