<?xml version="1.0" encoding="UTF-8"?>
<!-- Generated by org.testng.reporters.JUnitReportReporter -->
<testsuite hostname="LAPTOP-R43KBU4M" failures="0" tests="1" name="testscripts.men.TakeScreenShoot" time="4.194" errors="0" timestamp="2025-03-19T16:07:36 IST" skipped="0">
  <testcase classname="testscripts.men.TakeScreenShoot" name="printDynamicData" time="4.194"/>
</testsuite> <!-- testscripts.men.TakeScreenShoot -->
